<?xml version="1.0" encoding="UTF-8"?>
<coverage generated="1681999003282" clover="3.2.0">
  <project timestamp="1681999003282" name="All files">
    <metrics statements="4" coveredstatements="4" conditionals="10" coveredconditionals="10" methods="3" coveredmethods="3" elements="17" coveredelements="17" complexity="0" loc="4" ncloc="4" packages="2" files="4" classes="4"/>
    <package name="EventCard">
      <metrics statements="3" coveredstatements="3" conditionals="2" coveredconditionals="2" methods="2" coveredmethods="2"/>
      <file name="EventCard.style.ts" path="/Users/ezranbayantemur/Desktop/eventy/src/components/EventCard/EventCard.style.ts">
        <metrics statements="0" coveredstatements="0" conditionals="0" coveredconditionals="0" methods="0" coveredmethods="0"/>
      </file>
      <file name="EventCard.tsx" path="/Users/ezranbayantemur/Desktop/eventy/src/components/EventCard/EventCard.tsx">
        <metrics statements="3" coveredstatements="3" conditionals="2" coveredconditionals="2" methods="2" coveredmethods="2"/>
        <line num="11" count="1" type="stmt"/>
        <line num="12" count="2" type="stmt"/>
        <line num="18" count="3" type="stmt"/>
      </file>
    </package>
    <package name="SearchBar">
      <metrics statements="1" coveredstatements="1" conditionals="8" coveredconditionals="8" methods="1" coveredmethods="1"/>
      <file name="SearchBar.style.ts" path="/Users/ezranbayantemur/Desktop/eventy/src/components/SearchBar/SearchBar.style.ts">
        <metrics statements="0" coveredstatements="0" conditionals="0" coveredconditionals="0" methods="0" coveredmethods="0"/>
      </file>
      <file name="SearchBar.tsx" path="/Users/ezranbayantemur/Desktop/eventy/src/components/SearchBar/SearchBar.tsx">
        <metrics statements="1" coveredstatements="1" conditionals="8" coveredconditionals="8" methods="1" coveredmethods="1"/>
        <line num="19" count="5" type="stmt"/>
      </file>
    </package>
  </project>
</coverage>
