{"/Users/ezranbayantemur/Desktop/eventy/src/components/EventCard/EventCard.style.ts": {"path":"/Users/ezranbayantemur/Desktop/eventy/src/components/EventCard/EventCard.style.ts","statementMap":{},"fnMap":{},"branchMap":{},"s":{},"f":{},"b":{},"_coverageSchema":"1a1c01bbd47fc00a2c39e90264f33305004495a9","hash":"b76310af48f635930cf5416a4c9f25546c6d137a"}
,"/Users/ezranbayantemur/Desktop/eventy/src/components/EventCard/EventCard.tsx": {"path":"/Users/ezranbayantemur/Desktop/eventy/src/components/EventCard/EventCard.tsx","statementMap":{"0":{"start":{"line":11,"column":18},"end":{"line":15,"column":1}},"1":{"start":{"line":12,"column":2},"end":{"line":14,"column":9}},"2":{"start":{"line":18,"column":2},"end":{"line":31,"column":4}}},"fnMap":{"0":{"name":"(anonymous_0)","decl":{"start":{"line":11,"column":18},"end":{"line":11,"column":19}},"loc":{"start":{"line":12,"column":2},"end":{"line":14,"column":9}},"line":12},"1":{"name":"EventCard","decl":{"start":{"line":17,"column":9},"end":{"line":17,"column":18}},"loc":{"start":{"line":17,"column":53},"end":{"line":32,"column":1}},"line":17}},"branchMap":{"0":{"loc":{"start":{"line":28,"column":9},"end":{"line":28,"column":41}},"type":"binary-expr","locations":[{"start":{"line":28,"column":9},"end":{"line":28,"column":24}},{"start":{"line":28,"column":28},"end":{"line":28,"column":41}}],"line":28}},"s":{"0":1,"1":2,"2":3},"f":{"0":2,"1":3},"b":{"0":[3,2]},"_coverageSchema":"1a1c01bbd47fc00a2c39e90264f33305004495a9","hash":"b27509557b2a991bc29b76a2c910435d2e7fbdd5"}
,"/Users/ezranbayantemur/Desktop/eventy/src/components/SearchBar/SearchBar.style.ts": {"path":"/Users/ezranbayantemur/Desktop/eventy/src/components/SearchBar/SearchBar.style.ts","statementMap":{},"fnMap":{},"branchMap":{},"s":{},"f":{},"b":{},"_coverageSchema":"1a1c01bbd47fc00a2c39e90264f33305004495a9","hash":"f4a97f55678ed40cf69b267cd5a2d78415bbb4ac"}
,"/Users/ezranbayantemur/Desktop/eventy/src/components/SearchBar/SearchBar.tsx": {"path":"/Users/ezranbayantemur/Desktop/eventy/src/components/SearchBar/SearchBar.tsx","statementMap":{"0":{"start":{"line":19,"column":2},"end":{"line":35,"column":4}}},"fnMap":{"0":{"name":"SearchBar","decl":{"start":{"line":13,"column":9},"end":{"line":13,"column":18}},"loc":{"start":{"line":18,"column":19},"end":{"line":36,"column":1}},"line":18}},"branchMap":{"0":{"loc":{"start":{"line":14,"column":2},"end":{"line":14,"column":17}},"type":"default-arg","locations":[{"start":{"line":14,"column":13},"end":{"line":14,"column":17}}],"line":14},"1":{"loc":{"start":{"line":15,"column":2},"end":{"line":15,"column":18}},"type":"default-arg","locations":[{"start":{"line":15,"column":13},"end":{"line":15,"column":18}}],"line":15},"2":{"loc":{"start":{"line":22,"column":32},"end":{"line":22,"column":63}},"type":"binary-expr","locations":[{"start":{"line":22,"column":32},"end":{"line":22,"column":41}},{"start":{"line":22,"column":45},"end":{"line":22,"column":63}}],"line":22},"3":{"loc":{"start":{"line":23,"column":7},"end":{"line":27,"column":7}},"type":"binary-expr","locations":[{"start":{"line":23,"column":7},"end":{"line":23,"column":15}},{"start":{"line":24,"column":8},"end":{"line":26,"column":15}}],"line":23},"4":{"loc":{"start":{"line":31,"column":21},"end":{"line":31,"column":47}},"type":"binary-expr","locations":[{"start":{"line":31,"column":21},"end":{"line":31,"column":32}},{"start":{"line":31,"column":36},"end":{"line":31,"column":47}}],"line":31}},"s":{"0":5},"f":{"0":5},"b":{"0":[4],"1":[4],"2":[5,4],"3":[5,4],"4":[5,5]},"_coverageSchema":"1a1c01bbd47fc00a2c39e90264f33305004495a9","hash":"d70d335ccb63fd202600fc0b658c86eba027b214"}
}
