{"/Users/ezranbayantemur/Desktop/eventy/src/components/Button/Button.style.ts": {"path":"/Users/ezranbayantemur/Desktop/eventy/src/components/Button/Button.style.ts","statementMap":{},"fnMap":{},"branchMap":{},"s":{},"f":{},"b":{},"_coverageSchema":"1a1c01bbd47fc00a2c39e90264f33305004495a9","hash":"d97d119cb7108da2e6ca289ee58c7ca5d7f63c90"}
,"/Users/ezranbayantemur/Desktop/eventy/src/components/Button/Button.tsx": {"path":"/Users/ezranbayantemur/Desktop/eventy/src/components/Button/Button.tsx","statementMap":{"0":{"start":{"line":9,"column":15},"end":{"line":20,"column":1}},"1":{"start":{"line":10,"column":2},"end":{"line":19,"column":4}}},"fnMap":{"0":{"name":"(anonymous_0)","decl":{"start":{"line":9,"column":15},"end":{"line":9,"column":16}},"loc":{"start":{"line":9,"column":50},"end":{"line":20,"column":1}},"line":9}},"branchMap":{},"s":{"0":1,"1":2},"f":{"0":2},"b":{},"_coverageSchema":"1a1c01bbd47fc00a2c39e90264f33305004495a9","hash":"14a9d6c3526b2c498f16c976015f7b7a52fd075f"}
,"/Users/ezranbayantemur/Desktop/eventy/src/components/Error/Error.style.ts": {"path":"/Users/ezranbayantemur/Desktop/eventy/src/components/Error/Error.style.ts","statementMap":{},"fnMap":{},"branchMap":{},"s":{},"f":{},"b":{},"_coverageSchema":"1a1c01bbd47fc00a2c39e90264f33305004495a9","hash":"6a16fe665dc1277242dc45f7e7bbb1c99e105c31"}
,"/Users/ezranbayantemur/Desktop/eventy/src/components/Error/Error.tsx": {"path":"/Users/ezranbayantemur/Desktop/eventy/src/components/Error/Error.tsx","statementMap":{"0":{"start":{"line":9,"column":15},"end":{"line":16,"column":1}},"1":{"start":{"line":10,"column":2},"end":{"line":15,"column":4}}},"fnMap":{"0":{"name":"(anonymous_0)","decl":{"start":{"line":9,"column":15},"end":{"line":9,"column":16}},"loc":{"start":{"line":9,"column":39},"end":{"line":16,"column":1}},"line":9}},"branchMap":{"0":{"loc":{"start":{"line":13,"column":33},"end":{"line":13,"column":59}},"type":"binary-expr","locations":[{"start":{"line":13,"column":33},"end":{"line":13,"column":37}},{"start":{"line":13,"column":41},"end":{"line":13,"column":59}}],"line":13}},"s":{"0":1,"1":2},"f":{"0":2},"b":{"0":[2,1]},"_coverageSchema":"1a1c01bbd47fc00a2c39e90264f33305004495a9","hash":"e15bca32560301aac16065caf51decca32862fbf"}
,"/Users/ezranbayantemur/Desktop/eventy/src/components/EventCard/EventCard.style.ts": {"path":"/Users/ezranbayantemur/Desktop/eventy/src/components/EventCard/EventCard.style.ts","statementMap":{},"fnMap":{},"branchMap":{},"s":{},"f":{},"b":{},"_coverageSchema":"1a1c01bbd47fc00a2c39e90264f33305004495a9","hash":"b76310af48f635930cf5416a4c9f25546c6d137a"}
,"/Users/ezranbayantemur/Desktop/eventy/src/components/EventCard/EventCard.tsx": {"path":"/Users/ezranbayantemur/Desktop/eventy/src/components/EventCard/EventCard.tsx","statementMap":{"0":{"start":{"line":14,"column":58},"end":{"line":20,"column":1}},"1":{"start":{"line":22,"column":18},"end":{"line":26,"column":1}},"2":{"start":{"line":23,"column":2},"end":{"line":25,"column":9}},"3":{"start":{"line":28,"column":19},"end":{"line":39,"column":1}},"4":{"start":{"line":29,"column":2},"end":{"line":38,"column":9}},"5":{"start":{"line":42,"column":2},"end":{"line":56,"column":4}}},"fnMap":{"0":{"name":"(anonymous_0)","decl":{"start":{"line":22,"column":18},"end":{"line":22,"column":19}},"loc":{"start":{"line":23,"column":2},"end":{"line":25,"column":9}},"line":23},"1":{"name":"(anonymous_1)","decl":{"start":{"line":28,"column":19},"end":{"line":28,"column":20}},"loc":{"start":{"line":29,"column":2},"end":{"line":38,"column":9}},"line":29},"2":{"name":"EventCard","decl":{"start":{"line":41,"column":9},"end":{"line":41,"column":18}},"loc":{"start":{"line":41,"column":53},"end":{"line":57,"column":1}},"line":41}},"branchMap":{"0":{"loc":{"start":{"line":52,"column":9},"end":{"line":52,"column":41}},"type":"binary-expr","locations":[{"start":{"line":52,"column":9},"end":{"line":52,"column":24}},{"start":{"line":52,"column":28},"end":{"line":52,"column":41}}],"line":52}},"s":{"0":1,"1":1,"2":1,"3":1,"4":4,"5":4},"f":{"0":1,"1":4,"2":4},"b":{"0":[4,1]},"_coverageSchema":"1a1c01bbd47fc00a2c39e90264f33305004495a9","hash":"0383ae5a1eff806f200ba88e93825d841d867489"}
,"/Users/ezranbayantemur/Desktop/eventy/src/components/EventDetailField/EventDetailField.style.ts": {"path":"/Users/ezranbayantemur/Desktop/eventy/src/components/EventDetailField/EventDetailField.style.ts","statementMap":{"0":{"start":{"line":3,"column":16},"end":{"line":3,"column":40}}},"fnMap":{},"branchMap":{},"s":{"0":1},"f":{},"b":{},"_coverageSchema":"1a1c01bbd47fc00a2c39e90264f33305004495a9","hash":"d5226488cf9371c99c6e57e86e4c7db87659dfa5"}
,"/Users/ezranbayantemur/Desktop/eventy/src/components/EventDetailField/EventDetailField.tsx": {"path":"/Users/ezranbayantemur/Desktop/eventy/src/components/EventDetailField/EventDetailField.tsx","statementMap":{"0":{"start":{"line":19,"column":2},"end":{"line":32,"column":4}}},"fnMap":{"0":{"name":"EventDetailField","decl":{"start":{"line":14,"column":9},"end":{"line":14,"column":25}},"loc":{"start":{"line":18,"column":26},"end":{"line":33,"column":1}},"line":18}},"branchMap":{},"s":{"0":1},"f":{"0":1},"b":{},"_coverageSchema":"1a1c01bbd47fc00a2c39e90264f33305004495a9","hash":"6b1ed301508dd064b387d14625b500a52a552271"}
,"/Users/ezranbayantemur/Desktop/eventy/src/components/Loading/Loading.style.ts": {"path":"/Users/ezranbayantemur/Desktop/eventy/src/components/Loading/Loading.style.ts","statementMap":{},"fnMap":{},"branchMap":{},"s":{},"f":{},"b":{},"_coverageSchema":"1a1c01bbd47fc00a2c39e90264f33305004495a9","hash":"07dcf5cc1a98d5e7b64d2a1224a8287185a7fe52"}
,"/Users/ezranbayantemur/Desktop/eventy/src/components/Loading/Loading.tsx": {"path":"/Users/ezranbayantemur/Desktop/eventy/src/components/Loading/Loading.tsx","statementMap":{"0":{"start":{"line":14,"column":15},"end":{"line":25,"column":1}},"1":{"start":{"line":15,"column":2},"end":{"line":24,"column":4}}},"fnMap":{"0":{"name":"(anonymous_0)","decl":{"start":{"line":14,"column":15},"end":{"line":14,"column":16}},"loc":{"start":{"line":14,"column":51},"end":{"line":25,"column":1}},"line":14}},"branchMap":{"0":{"loc":{"start":{"line":18,"column":7},"end":{"line":22,"column":7}},"type":"binary-expr","locations":[{"start":{"line":18,"column":7},"end":{"line":18,"column":13}},{"start":{"line":19,"column":8},"end":{"line":21,"column":15}}],"line":18}},"s":{"0":1,"1":2},"f":{"0":2},"b":{"0":[2,1]},"_coverageSchema":"1a1c01bbd47fc00a2c39e90264f33305004495a9","hash":"78eb6a663f2aa1a88ae9f7be8d48213b2a16a8bc"}
,"/Users/ezranbayantemur/Desktop/eventy/src/components/SearchBar/SearchBar.style.ts": {"path":"/Users/ezranbayantemur/Desktop/eventy/src/components/SearchBar/SearchBar.style.ts","statementMap":{},"fnMap":{},"branchMap":{},"s":{},"f":{},"b":{},"_coverageSchema":"1a1c01bbd47fc00a2c39e90264f33305004495a9","hash":"f4a97f55678ed40cf69b267cd5a2d78415bbb4ac"}
,"/Users/ezranbayantemur/Desktop/eventy/src/components/SearchBar/SearchBar.tsx": {"path":"/Users/ezranbayantemur/Desktop/eventy/src/components/SearchBar/SearchBar.tsx","statementMap":{"0":{"start":{"line":22,"column":20},"end":{"line":24,"column":14}},"1":{"start":{"line":23,"column":4},"end":{"line":23,"column":34}},"2":{"start":{"line":26,"column":2},"end":{"line":42,"column":4}}},"fnMap":{"0":{"name":"SearchBar","decl":{"start":{"line":15,"column":9},"end":{"line":15,"column":18}},"loc":{"start":{"line":21,"column":19},"end":{"line":43,"column":1}},"line":21},"1":{"name":"(anonymous_1)","decl":{"start":{"line":22,"column":41},"end":{"line":22,"column":42}},"loc":{"start":{"line":22,"column":50},"end":{"line":24,"column":3}},"line":22}},"branchMap":{"0":{"loc":{"start":{"line":16,"column":2},"end":{"line":16,"column":17}},"type":"default-arg","locations":[{"start":{"line":16,"column":13},"end":{"line":16,"column":17}}],"line":16},"1":{"loc":{"start":{"line":17,"column":2},"end":{"line":17,"column":18}},"type":"default-arg","locations":[{"start":{"line":17,"column":13},"end":{"line":17,"column":18}}],"line":17},"2":{"loc":{"start":{"line":18,"column":2},"end":{"line":18,"column":16}},"type":"default-arg","locations":[{"start":{"line":18,"column":13},"end":{"line":18,"column":16}}],"line":18},"3":{"loc":{"start":{"line":23,"column":4},"end":{"line":23,"column":33}},"type":"binary-expr","locations":[{"start":{"line":23,"column":4},"end":{"line":23,"column":14}},{"start":{"line":23,"column":18},"end":{"line":23,"column":33}}],"line":23},"4":{"loc":{"start":{"line":29,"column":32},"end":{"line":29,"column":63}},"type":"binary-expr","locations":[{"start":{"line":29,"column":32},"end":{"line":29,"column":41}},{"start":{"line":29,"column":45},"end":{"line":29,"column":63}}],"line":29},"5":{"loc":{"start":{"line":30,"column":7},"end":{"line":34,"column":7}},"type":"binary-expr","locations":[{"start":{"line":30,"column":7},"end":{"line":30,"column":15}},{"start":{"line":31,"column":8},"end":{"line":33,"column":15}}],"line":30},"6":{"loc":{"start":{"line":38,"column":21},"end":{"line":38,"column":47}},"type":"binary-expr","locations":[{"start":{"line":38,"column":21},"end":{"line":38,"column":32}},{"start":{"line":38,"column":36},"end":{"line":38,"column":47}}],"line":38}},"s":{"0":5,"1":0,"2":5},"f":{"0":5,"1":0},"b":{"0":[4],"1":[4],"2":[5],"3":[0,0],"4":[5,4],"5":[5,4],"6":[5,5]},"_coverageSchema":"1a1c01bbd47fc00a2c39e90264f33305004495a9","hash":"2ff9729802f5f18acad4432d8f90629f325cdeaf"}
,"/Users/ezranbayantemur/Desktop/eventy/src/components/SessionCard/SessionCard.style.ts": {"path":"/Users/ezranbayantemur/Desktop/eventy/src/components/SessionCard/SessionCard.style.ts","statementMap":{},"fnMap":{},"branchMap":{},"s":{},"f":{},"b":{},"_coverageSchema":"1a1c01bbd47fc00a2c39e90264f33305004495a9","hash":"0a03ea405a2abce880e56d9dc169ec0ca4525a4a"}
,"/Users/ezranbayantemur/Desktop/eventy/src/components/SessionCard/SessionCard.tsx": {"path":"/Users/ezranbayantemur/Desktop/eventy/src/components/SessionCard/SessionCard.tsx","statementMap":{"0":{"start":{"line":15,"column":22},"end":{"line":15,"column":47}},"1":{"start":{"line":16,"column":20},"end":{"line":16,"column":69}},"2":{"start":{"line":18,"column":23},"end":{"line":18,"column":79}},"3":{"start":{"line":19,"column":15},"end":{"line":19,"column":73}},"4":{"start":{"line":20,"column":27},"end":{"line":23,"column":3}},"5":{"start":{"line":24,"column":20},"end":{"line":27,"column":3}},"6":{"start":{"line":28,"column":18},"end":{"line":31,"column":3}},"7":{"start":{"line":33,"column":30},"end":{"line":55,"column":3}},"8":{"start":{"line":34,"column":29},"end":{"line":34,"column":70}},"9":{"start":{"line":36,"column":4},"end":{"line":38,"column":5}},"10":{"start":{"line":37,"column":6},"end":{"line":37,"column":50}},"11":{"start":{"line":40,"column":4},"end":{"line":42,"column":5}},"12":{"start":{"line":41,"column":6},"end":{"line":41,"column":61}},"13":{"start":{"line":44,"column":4},"end":{"line":54,"column":5}},"14":{"start":{"line":45,"column":6},"end":{"line":53,"column":7}},"15":{"start":{"line":46,"column":8},"end":{"line":49,"column":11}},"16":{"start":{"line":50,"column":8},"end":{"line":50,"column":63}},"17":{"start":{"line":52,"column":8},"end":{"line":52,"column":69}},"18":{"start":{"line":57,"column":2},"end":{"line":81,"column":4}}},"fnMap":{"0":{"name":"SessionCard","decl":{"start":{"line":14,"column":9},"end":{"line":14,"column":20}},"loc":{"start":{"line":14,"column":58},"end":{"line":82,"column":1}},"line":14},"1":{"name":"(anonymous_1)","decl":{"start":{"line":33,"column":30},"end":{"line":33,"column":31}},"loc":{"start":{"line":33,"column":42},"end":{"line":55,"column":3}},"line":33}},"branchMap":{"0":{"loc":{"start":{"line":16,"column":27},"end":{"line":16,"column":68}},"type":"cond-expr","locations":[{"start":{"line":16,"column":41},"end":{"line":16,"column":52}},{"start":{"line":16,"column":55},"end":{"line":16,"column":68}}],"line":16},"1":{"loc":{"start":{"line":26,"column":4},"end":{"line":26,"column":47}},"type":"cond-expr","locations":[{"start":{"line":26,"column":23},"end":{"line":26,"column":37}},{"start":{"line":26,"column":40},"end":{"line":26,"column":47}}],"line":26},"2":{"loc":{"start":{"line":30,"column":4},"end":{"line":30,"column":47}},"type":"cond-expr","locations":[{"start":{"line":30,"column":23},"end":{"line":30,"column":37}},{"start":{"line":30,"column":40},"end":{"line":30,"column":47}}],"line":30},"3":{"loc":{"start":{"line":36,"column":4},"end":{"line":38,"column":5}},"type":"if","locations":[{"start":{"line":36,"column":4},"end":{"line":38,"column":5}},{"start":{},"end":{}}],"line":36},"4":{"loc":{"start":{"line":40,"column":4},"end":{"line":42,"column":5}},"type":"if","locations":[{"start":{"line":40,"column":4},"end":{"line":42,"column":5}},{"start":{},"end":{}}],"line":40},"5":{"loc":{"start":{"line":40,"column":8},"end":{"line":40,"column":74}},"type":"binary-expr","locations":[{"start":{"line":40,"column":8},"end":{"line":40,"column":37}},{"start":{"line":40,"column":41},"end":{"line":40,"column":74}}],"line":40},"6":{"loc":{"start":{"line":44,"column":4},"end":{"line":54,"column":5}},"type":"if","locations":[{"start":{"line":44,"column":4},"end":{"line":54,"column":5}},{"start":{},"end":{}}],"line":44},"7":{"loc":{"start":{"line":61,"column":9},"end":{"line":65,"column":9}},"type":"binary-expr","locations":[{"start":{"line":61,"column":9},"end":{"line":61,"column":25}},{"start":{"line":62,"column":10},"end":{"line":64,"column":17}}],"line":61}},"s":{"0":2,"1":2,"2":2,"3":2,"4":2,"5":2,"6":2,"7":2,"8":1,"9":1,"10":0,"11":1,"12":0,"13":1,"14":1,"15":1,"16":1,"17":0,"18":2},"f":{"0":2,"1":1},"b":{"0":[1,1],"1":[0,2],"2":[0,2],"3":[0,1],"4":[0,1],"5":[1,1],"6":[1,0],"7":[2,2]},"_coverageSchema":"1a1c01bbd47fc00a2c39e90264f33305004495a9","hash":"040ea84e0605c7186c27701ee17b5d55f4a05f7e"}
,"/Users/ezranbayantemur/Desktop/eventy/src/utils/checkContentIsValid/checkContentIsValid.ts": {"path":"/Users/ezranbayantemur/Desktop/eventy/src/utils/checkContentIsValid/checkContentIsValid.ts","statementMap":{"0":{"start":{"line":2,"column":2},"end":{"line":4,"column":3}},"1":{"start":{"line":3,"column":4},"end":{"line":3,"column":17}},"2":{"start":{"line":6,"column":2},"end":{"line":8,"column":3}},"3":{"start":{"line":7,"column":4},"end":{"line":7,"column":17}},"4":{"start":{"line":10,"column":2},"end":{"line":10,"column":14}}},"fnMap":{"0":{"name":"checkContentIsValid","decl":{"start":{"line":1,"column":9},"end":{"line":1,"column":28}},"loc":{"start":{"line":1,"column":54},"end":{"line":11,"column":1}},"line":1}},"branchMap":{"0":{"loc":{"start":{"line":2,"column":2},"end":{"line":4,"column":3}},"type":"if","locations":[{"start":{"line":2,"column":2},"end":{"line":4,"column":3}},{"start":{},"end":{}}],"line":2},"1":{"loc":{"start":{"line":6,"column":2},"end":{"line":8,"column":3}},"type":"if","locations":[{"start":{"line":6,"column":2},"end":{"line":8,"column":3}},{"start":{},"end":{}}],"line":6},"2":{"loc":{"start":{"line":6,"column":6},"end":{"line":6,"column":74}},"type":"binary-expr","locations":[{"start":{"line":6,"column":6},"end":{"line":6,"column":28}},{"start":{"line":6,"column":32},"end":{"line":6,"column":54}},{"start":{"line":6,"column":58},"end":{"line":6,"column":74}}],"line":6}},"s":{"0":6,"1":2,"2":4,"3":3,"4":1},"f":{"0":6},"b":{"0":[2,4],"1":[3,1],"2":[4,3,2]},"_coverageSchema":"1a1c01bbd47fc00a2c39e90264f33305004495a9","hash":"0217536ea75b2fe2b7b78cd18da4e935b6516d08"}
,"/Users/ezranbayantemur/Desktop/eventy/src/utils/openEventLocation/openEventLocation.ts": {"path":"/Users/ezranbayantemur/Desktop/eventy/src/utils/openEventLocation/openEventLocation.ts","statementMap":{"0":{"start":{"line":6,"column":35},"end":{"line":6,"column":46}},"1":{"start":{"line":8,"column":2},"end":{"line":10,"column":3}},"2":{"start":{"line":9,"column":4},"end":{"line":9,"column":11}},"3":{"start":{"line":12,"column":14},"end":{"line":12,"column":42}},"4":{"start":{"line":13,"column":14},"end":{"line":13,"column":42}},"5":{"start":{"line":15,"column":17},"end":{"line":15,"column":77}},"6":{"start":{"line":16,"column":17},"end":{"line":16,"column":32}},"7":{"start":{"line":17,"column":20},"end":{"line":17,"column":73}},"8":{"start":{"line":19,"column":2},"end":{"line":19,"column":52}},"9":{"start":{"line":21,"column":14},"end":{"line":24,"column":4}},"10":{"start":{"line":26,"column":2},"end":{"line":26,"column":24}}},"fnMap":{"0":{"name":"openEventLocation","decl":{"start":{"line":5,"column":9},"end":{"line":5,"column":26}},"loc":{"start":{"line":5,"column":72},"end":{"line":27,"column":1}},"line":5}},"branchMap":{"0":{"loc":{"start":{"line":8,"column":2},"end":{"line":10,"column":3}},"type":"if","locations":[{"start":{"line":8,"column":2},"end":{"line":10,"column":3}},{"start":{},"end":{}}],"line":8},"1":{"loc":{"start":{"line":8,"column":6},"end":{"line":8,"column":32}},"type":"binary-expr","locations":[{"start":{"line":8,"column":6},"end":{"line":8,"column":17}},{"start":{"line":8,"column":21},"end":{"line":8,"column":32}}],"line":8}},"s":{"0":2,"1":2,"2":1,"3":1,"4":1,"5":1,"6":1,"7":1,"8":1,"9":1,"10":1},"f":{"0":2},"b":{"0":[1,1],"1":[2,1]},"_coverageSchema":"1a1c01bbd47fc00a2c39e90264f33305004495a9","hash":"df94d35c41c54557d58069418d181b0621872ab9"}
,"/Users/ezranbayantemur/Desktop/eventy/src/utils/turkishCharParser/turkishCharParser.ts": {"path":"/Users/ezranbayantemur/Desktop/eventy/src/utils/turkishCharParser/turkishCharParser.ts","statementMap":{"0":{"start":{"line":2,"column":47},"end":{"line":15,"column":3}},"1":{"start":{"line":16,"column":2},"end":{"line":16,"column":68}},"2":{"start":{"line":16,"column":31},"end":{"line":16,"column":57}}},"fnMap":{"0":{"name":"turkishCharParser","decl":{"start":{"line":1,"column":9},"end":{"line":1,"column":26}},"loc":{"start":{"line":1,"column":41},"end":{"line":17,"column":1}},"line":1},"1":{"name":"(anonymous_1)","decl":{"start":{"line":16,"column":23},"end":{"line":16,"column":24}},"loc":{"start":{"line":16,"column":31},"end":{"line":16,"column":57}},"line":16}},"branchMap":{"0":{"loc":{"start":{"line":16,"column":31},"end":{"line":16,"column":57}},"type":"binary-expr","locations":[{"start":{"line":16,"column":31},"end":{"line":16,"column":49}},{"start":{"line":16,"column":53},"end":{"line":16,"column":57}}],"line":16}},"s":{"0":6,"1":6,"2":87},"f":{"0":6,"1":87},"b":{"0":[87,80]},"_coverageSchema":"1a1c01bbd47fc00a2c39e90264f33305004495a9","hash":"fa0f0e44fb8e6a46c26d64cd24b52bd098bda14f"}
}
