TN:
SF:src/components/EventCard/EventCard.style.ts
FNF:0
FNH:0
LF:0
LH:0
BRF:0
BRH:0
end_of_record
TN:
SF:src/components/EventCard/EventCard.tsx
FN:11,(anonymous_0)
FN:17,EventCard
FNF:2
FNH:2
FNDA:2,(anonymous_0)
FNDA:3,EventCard
DA:11,1
DA:12,2
DA:18,3
LF:3
LH:3
BRDA:28,0,0,3
BRDA:28,0,1,2
BRF:2
BRH:2
end_of_record
TN:
SF:src/components/SearchBar/SearchBar.style.ts
FNF:0
FNH:0
LF:0
LH:0
BRF:0
BRH:0
end_of_record
TN:
SF:src/components/SearchBar/SearchBar.tsx
FN:13,SearchBar
FNF:1
FNH:1
FNDA:5,SearchBar
DA:19,5
LF:1
LH:1
BRDA:14,0,0,4
BRDA:15,1,0,4
BRDA:22,2,0,5
BRDA:22,2,1,4
BRDA:23,3,0,5
BRDA:23,3,1,4
BRDA:31,4,0,5
BRDA:31,4,1,5
BRF:8
BRH:8
end_of_record
