TN:
SF:src/components/Button/Button.style.ts
FNF:0
FNH:0
LF:0
LH:0
BRF:0
BRH:0
end_of_record
TN:
SF:src/components/Button/Button.tsx
FN:9,(anonymous_0)
FNF:1
FNH:1
FNDA:2,(anonymous_0)
DA:9,1
DA:10,2
LF:2
LH:2
BRF:0
BRH:0
end_of_record
TN:
SF:src/components/Error/Error.style.ts
FNF:0
FNH:0
LF:0
LH:0
BRF:0
BRH:0
end_of_record
TN:
SF:src/components/Error/Error.tsx
FN:9,(anonymous_0)
FNF:1
FNH:1
FNDA:2,(anonymous_0)
DA:9,1
DA:10,2
LF:2
LH:2
BRDA:13,0,0,2
BRDA:13,0,1,1
BRF:2
BRH:2
end_of_record
TN:
SF:src/components/EventCard/EventCard.style.ts
FNF:0
FNH:0
LF:0
LH:0
BRF:0
BRH:0
end_of_record
TN:
SF:src/components/EventCard/EventCard.tsx
FN:22,(anonymous_0)
FN:28,(anonymous_1)
FN:41,EventCard
FNF:3
FNH:3
FNDA:1,(anonymous_0)
FNDA:4,(anonymous_1)
FNDA:4,EventCard
DA:14,1
DA:22,1
DA:23,1
DA:28,1
DA:29,4
DA:42,4
LF:6
LH:6
BRDA:52,0,0,4
BRDA:52,0,1,1
BRF:2
BRH:2
end_of_record
TN:
SF:src/components/EventDetailField/EventDetailField.style.ts
FNF:0
FNH:0
DA:3,1
LF:1
LH:1
BRF:0
BRH:0
end_of_record
TN:
SF:src/components/EventDetailField/EventDetailField.tsx
FN:14,EventDetailField
FNF:1
FNH:1
FNDA:1,EventDetailField
DA:19,1
LF:1
LH:1
BRF:0
BRH:0
end_of_record
TN:
SF:src/components/Loading/Loading.style.ts
FNF:0
FNH:0
LF:0
LH:0
BRF:0
BRH:0
end_of_record
TN:
SF:src/components/Loading/Loading.tsx
FN:14,(anonymous_0)
FNF:1
FNH:1
FNDA:2,(anonymous_0)
DA:14,1
DA:15,2
LF:2
LH:2
BRDA:18,0,0,2
BRDA:18,0,1,1
BRF:2
BRH:2
end_of_record
TN:
SF:src/components/SearchBar/SearchBar.style.ts
FNF:0
FNH:0
LF:0
LH:0
BRF:0
BRH:0
end_of_record
TN:
SF:src/components/SearchBar/SearchBar.tsx
FN:15,SearchBar
FN:22,(anonymous_1)
FNF:2
FNH:1
FNDA:5,SearchBar
FNDA:0,(anonymous_1)
DA:22,5
DA:23,0
DA:26,5
LF:3
LH:2
BRDA:16,0,0,4
BRDA:17,1,0,4
BRDA:18,2,0,5
BRDA:23,3,0,0
BRDA:23,3,1,0
BRDA:29,4,0,5
BRDA:29,4,1,4
BRDA:30,5,0,5
BRDA:30,5,1,4
BRDA:38,6,0,5
BRDA:38,6,1,5
BRF:11
BRH:9
end_of_record
TN:
SF:src/components/SessionCard/SessionCard.style.ts
FNF:0
FNH:0
LF:0
LH:0
BRF:0
BRH:0
end_of_record
TN:
SF:src/components/SessionCard/SessionCard.tsx
FN:14,SessionCard
FN:33,(anonymous_1)
FNF:2
FNH:2
FNDA:2,SessionCard
FNDA:1,(anonymous_1)
DA:15,2
DA:16,2
DA:18,2
DA:19,2
DA:20,2
DA:24,2
DA:28,2
DA:33,2
DA:34,1
DA:36,1
DA:37,0
DA:40,1
DA:41,0
DA:44,1
DA:45,1
DA:46,1
DA:50,1
DA:52,0
DA:57,2
LF:19
LH:16
BRDA:16,0,0,1
BRDA:16,0,1,1
BRDA:26,1,0,0
BRDA:26,1,1,2
BRDA:30,2,0,0
BRDA:30,2,1,2
BRDA:36,3,0,0
BRDA:36,3,1,1
BRDA:40,4,0,0
BRDA:40,4,1,1
BRDA:40,5,0,1
BRDA:40,5,1,1
BRDA:44,6,0,1
BRDA:44,6,1,0
BRDA:61,7,0,2
BRDA:61,7,1,2
BRF:16
BRH:11
end_of_record
TN:
SF:src/utils/checkContentIsValid/checkContentIsValid.ts
FN:1,checkContentIsValid
FNF:1
FNH:1
FNDA:6,checkContentIsValid
DA:2,6
DA:3,2
DA:6,4
DA:7,3
DA:10,1
LF:5
LH:5
BRDA:2,0,0,2
BRDA:2,0,1,4
BRDA:6,1,0,3
BRDA:6,1,1,1
BRDA:6,2,0,4
BRDA:6,2,1,3
BRDA:6,2,2,2
BRF:7
BRH:7
end_of_record
TN:
SF:src/utils/openEventLocation/openEventLocation.ts
FN:5,openEventLocation
FNF:1
FNH:1
FNDA:2,openEventLocation
DA:6,2
DA:8,2
DA:9,1
DA:12,1
DA:13,1
DA:15,1
DA:16,1
DA:17,1
DA:19,1
DA:21,1
DA:26,1
LF:11
LH:11
BRDA:8,0,0,1
BRDA:8,0,1,1
BRDA:8,1,0,2
BRDA:8,1,1,1
BRF:4
BRH:4
end_of_record
TN:
SF:src/utils/turkishCharParser/turkishCharParser.ts
FN:1,turkishCharParser
FN:16,(anonymous_1)
FNF:2
FNH:2
FNDA:6,turkishCharParser
FNDA:87,(anonymous_1)
DA:2,6
DA:16,87
LF:2
LH:2
BRDA:16,0,0,87
BRDA:16,0,1,80
BRF:2
BRH:2
end_of_record
